Determining if the pthread_create exist failed with the following output:
Change Dir: /home/mojo/Desktop/aiut3d-motion-editor-master(复件)/CMakeFiles/CMakeTmp

Run Build Command:"/usr/bin/make" "cmTC_63cae/fast"
/usr/bin/make -f CMakeFiles/cmTC_63cae.dir/build.make CMakeFiles/cmTC_63cae.dir/build
make[1]: 进入目录“/home/mojo/Desktop/aiut3d-motion-editor-master(复件)/CMakeFiles/CMakeTmp”
Building C object CMakeFiles/cmTC_63cae.dir/CheckSymbolExists.c.o
/usr/bin/cc    -o CMakeFiles/cmTC_63cae.dir/CheckSymbolExists.c.o   -c "/home/mojo/Desktop/aiut3d-motion-editor-master(复件)/CMakeFiles/CMakeTmp/CheckSymbolExists.c"
Linking C executable cmTC_63cae
/usr/bin/cmake -E cmake_link_script CMakeFiles/cmTC_63cae.dir/link.txt --verbose=1
/usr/bin/cc      -rdynamic CMakeFiles/cmTC_63cae.dir/CheckSymbolExists.c.o  -o cmTC_63cae 
CMakeFiles/cmTC_63cae.dir/CheckSymbolExists.c.o：在函数‘main’中：
CheckSymbolExists.c:(.text+0x1b)：对‘pthread_create’未定义的引用
collect2: error: ld returned 1 exit status
CMakeFiles/cmTC_63cae.dir/build.make:97: recipe for target 'cmTC_63cae' failed
make[1]: *** [cmTC_63cae] Error 1
make[1]: 离开目录“/home/mojo/Desktop/aiut3d-motion-editor-master(复件)/CMakeFiles/CMakeTmp”
Makefile:126: recipe for target 'cmTC_63cae/fast' failed
make: *** [cmTC_63cae/fast] Error 2

File /home/mojo/Desktop/aiut3d-motion-editor-master(复件)/CMakeFiles/CMakeTmp/CheckSymbolExists.c:
/* */
#include <pthread.h>

int main(int argc, char** argv)
{
  (void)argv;
#ifndef pthread_create
  return ((int*)(&pthread_create))[argc];
#else
  (void)argc;
  return 0;
#endif
}

Determining if the function pthread_create exists in the pthreads failed with the following output:
Change Dir: /home/mojo/Desktop/aiut3d-motion-editor-master(复件)/CMakeFiles/CMakeTmp

Run Build Command:"/usr/bin/make" "cmTC_149d9/fast"
/usr/bin/make -f CMakeFiles/cmTC_149d9.dir/build.make CMakeFiles/cmTC_149d9.dir/build
make[1]: 进入目录“/home/mojo/Desktop/aiut3d-motion-editor-master(复件)/CMakeFiles/CMakeTmp”
Building C object CMakeFiles/cmTC_149d9.dir/CheckFunctionExists.c.o
/usr/bin/cc   -DCHECK_FUNCTION_EXISTS=pthread_create   -o CMakeFiles/cmTC_149d9.dir/CheckFunctionExists.c.o   -c /usr/share/cmake-3.10/Modules/CheckFunctionExists.c
Linking C executable cmTC_149d9
/usr/bin/cmake -E cmake_link_script CMakeFiles/cmTC_149d9.dir/link.txt --verbose=1
/usr/bin/cc  -DCHECK_FUNCTION_EXISTS=pthread_create    -rdynamic CMakeFiles/cmTC_149d9.dir/CheckFunctionExists.c.o  -o cmTC_149d9 -lpthreads 
/usr/bin/ld: 找不到 -lpthreads
collect2: error: ld returned 1 exit status
CMakeFiles/cmTC_149d9.dir/build.make:97: recipe for target 'cmTC_149d9' failed
make[1]: *** [cmTC_149d9] Error 1
make[1]: 离开目录“/home/mojo/Desktop/aiut3d-motion-editor-master(复件)/CMakeFiles/CMakeTmp”
Makefile:126: recipe for target 'cmTC_149d9/fast' failed
make: *** [cmTC_149d9/fast] Error 2


